<?xml version="1.0" encoding="UTF-8"?>
<testng-results ignored="0" total="1" passed="1" failed="0" skipped="0">
  <reporter-output>
  </reporter-output>
  <suite started-at="2023-11-16T18:20:55 IST" name="Testing Google Apps" finished-at="2023-11-16T18:21:45 IST" duration-ms="50177">
    <groups>
    </groups>
    <test started-at="2023-11-16T18:20:55 IST" name="smoke" finished-at="2023-11-16T18:21:45 IST" duration-ms="50177">
      <class name="TestCases.LoginpageTest">
        <test-method is-config="true" signature="openBrowser()[pri:0, instance:TestCases.LoginpageTest@3d6f0054]" started-at="2023-11-16T18:20:55 IST" name="openBrowser" finished-at="2023-11-16T18:21:44 IST" duration-ms="48868" status="PASS">
          <reporter-output>
          </reporter-output>
        </test-method> <!-- openBrowser -->
        <test-method signature="loginTestcase()[pri:0, instance:TestCases.LoginpageTest@3d6f0054]" started-at="2023-11-16T18:21:44 IST" name="loginTestcase" finished-at="2023-11-16T18:21:45 IST" duration-ms="1246" status="PASS">
          <reporter-output>
          </reporter-output>
        </test-method> <!-- loginTestcase -->
        <test-method is-config="true" signature="tearDown()[pri:0, instance:TestCases.LoginpageTest@3d6f0054]" started-at="2023-11-16T18:21:45 IST" name="tearDown" finished-at="2023-11-16T18:21:45 IST" duration-ms="0" status="PASS">
          <reporter-output>
          </reporter-output>
        </test-method> <!-- tearDown -->
      </class> <!-- TestCases.LoginpageTest -->
    </test> <!-- smoke -->
  </suite> <!-- Testing Google Apps -->
</testng-results>
